c:\users\thomaskn\documents\github\searchingproject\searchingalgorithms\searchingalgorithms\debug\searchingalgorithms.pch
c:\users\thomaskn\documents\github\searchingproject\searchingalgorithms\searchingalgorithms\debug\vc140.pdb
c:\users\thomaskn\documents\github\searchingproject\searchingalgorithms\searchingalgorithms\debug\vc140.idb
c:\users\thomaskn\documents\github\searchingproject\searchingalgorithms\searchingalgorithms\debug\stdafx.obj
c:\users\thomaskn\documents\github\searchingproject\searchingalgorithms\searchingalgorithms\debug\classholder.obj
c:\users\thomaskn\documents\github\searchingproject\searchingalgorithms\searchingalgorithms\debug\datawrapper.obj
c:\users\thomaskn\documents\github\searchingproject\searchingalgorithms\searchingalgorithms\debug\main.obj
c:\users\thomaskn\documents\github\searchingproject\searchingalgorithms\searchingalgorithms\debug\threadhandler.obj
c:\users\thomaskn\documents\github\searchingproject\searchingalgorithms\searchingalgorithms\debug\containerpro.obj
c:\users\thomaskn\documents\github\searchingproject\searchingalgorithms\searchingalgorithms\debug\mainmenu.obj
c:\users\thomaskn\documents\github\searchingproject\searchingalgorithms\searchingalgorithms\debug\datalayer.obj
c:\users\thomaskn\documents\github\searchingproject\searchingalgorithms\searchingalgorithms\debug\timing.obj
c:\users\thomaskn\documents\github\searchingproject\searchingalgorithms\searchingalgorithms\debug\searchtools.obj
c:\users\thomaskn\documents\github\searchingproject\searchingalgorithms\debug\searchingalgorithms.ilk
c:\users\thomaskn\documents\github\searchingproject\searchingalgorithms\debug\searchingalgorithms.exe
c:\users\thomaskn\documents\github\searchingproject\searchingalgorithms\debug\searchingalgorithms.pdb
c:\users\thomaskn\documents\github\searchingproject\searchingalgorithms\searchingalgorithms\debug\searchin.7c1b96c4.tlog\cl.command.1.tlog
c:\users\thomaskn\documents\github\searchingproject\searchingalgorithms\searchingalgorithms\debug\searchin.7c1b96c4.tlog\cl.read.1.tlog
c:\users\thomaskn\documents\github\searchingproject\searchingalgorithms\searchingalgorithms\debug\searchin.7c1b96c4.tlog\cl.write.1.tlog
c:\users\thomaskn\documents\github\searchingproject\searchingalgorithms\searchingalgorithms\debug\searchin.7c1b96c4.tlog\link.command.1.tlog
c:\users\thomaskn\documents\github\searchingproject\searchingalgorithms\searchingalgorithms\debug\searchin.7c1b96c4.tlog\link.read.1.tlog
c:\users\thomaskn\documents\github\searchingproject\searchingalgorithms\searchingalgorithms\debug\searchin.7c1b96c4.tlog\link.write.1.tlog
